app/build/intermediates/manifest_merge_blame_file/debug/manifest-merger-blame-debug-report.txt
1<?xml version="1.0" encoding="utf-8"?>
2<manifest xmlns:android="http://schemas.android.com/apk/res/android"
3    package="com.aquacoders.aquaexplorer"
4    android:versionCode="1"
5    android:versionName="1.0" >
6
7    <uses-sdk
8        android:minSdkVersion="21"
8-->src\main\AndroidManifest.xml
9        android:targetSdkVersion="32" />
9-->src\main\AndroidManifest.xml
10
11    <uses-permission
11-->src\main\AndroidManifest.xml:4:2-104
12        android:name="android.permission.READ_EXTERNAL_STORAGE"
12-->src\main\AndroidManifest.xml:4:19-74
13        android:maxSdkVersion="28" />
13-->src\main\AndroidManifest.xml:4:75-101
14    <uses-permission android:name="android.permission.WRITE_EXTERNAL_STORAGE" />
14-->src\main\AndroidManifest.xml:5:5-81
14-->src\main\AndroidManifest.xml:5:22-78
15    <uses-permission android:name="android.permission.MANAGE_EXTERNAL_STORAGE" />
15-->src\main\AndroidManifest.xml:6:5-82
15-->src\main\AndroidManifest.xml:6:22-79
16    <uses-permission android:name="android.permission.REQUEST_INSTALL_PACKAGES" />
16-->src\main\AndroidManifest.xml:7:5-82
16-->src\main\AndroidManifest.xml:7:22-80
17    <uses-permission android:name="android.permission.REQUEST_DELETE_PACKAGES" />
17-->src\main\AndroidManifest.xml:8:5-81
17-->src\main\AndroidManifest.xml:8:22-79
18
19    <application
19-->src\main\AndroidManifest.xml:9:5-27:19
20        android:allowBackup="true"
20-->src\main\AndroidManifest.xml:10:9-35
21        android:appComponentFactory="androidx.core.app.CoreComponentFactory"
21-->[androidx.core:core:1.8.0] AndroidManifest.xml:24:18-86
22        android:debuggable="true"
23        android:icon="@mipmap/ic_launcher"
23-->src\main\AndroidManifest.xml:11:9-43
24        android:label="@string/app_name"
24-->src\main\AndroidManifest.xml:12:9-41
25        android:largeHeap="true"
25-->src\main\AndroidManifest.xml:15:9-33
26        android:requestLegacyExternalStorage="true"
26-->src\main\AndroidManifest.xml:16:9-52
27        android:roundIcon="@mipmap/ic_launcher_round"
27-->src\main\AndroidManifest.xml:13:9-54
28        android:supportsRtl="false"
28-->src\main\AndroidManifest.xml:14:9-36
29        android:testOnly="true"
30        android:theme="@style/AppTheme" >
30-->src\main\AndroidManifest.xml:17:9-40
31        <activity
31-->src\main\AndroidManifest.xml:18:9-26:20
32            android:name="com.aquacoders.aquaexplorer.MainActivity"
32-->src\main\AndroidManifest.xml:19:13-41
33            android:exported="true" >
33-->src\main\AndroidManifest.xml:20:13-36
34            <intent-filter>
34-->src\main\AndroidManifest.xml:21:13-25:29
35                <action android:name="android.intent.action.MAIN" />
35-->src\main\AndroidManifest.xml:22:17-69
35-->src\main\AndroidManifest.xml:22:25-66
36
37                <category android:name="android.intent.category.LAUNCHER" />
37-->src\main\AndroidManifest.xml:24:17-77
37-->src\main\AndroidManifest.xml:24:27-74
38            </intent-filter>
39        </activity>
40
41        <provider
41-->[androidx.emoji2:emoji2:1.2.0] AndroidManifest.xml:24:9-32:20
42            android:name="androidx.startup.InitializationProvider"
42-->[androidx.emoji2:emoji2:1.2.0] AndroidManifest.xml:25:13-67
43            android:authorities="com.aquacoders.aquaexplorer.androidx-startup"
43-->[androidx.emoji2:emoji2:1.2.0] AndroidManifest.xml:26:13-68
44            android:exported="false" >
44-->[androidx.emoji2:emoji2:1.2.0] AndroidManifest.xml:27:13-37
45            <meta-data
45-->[androidx.emoji2:emoji2:1.2.0] AndroidManifest.xml:29:13-31:52
46                android:name="androidx.emoji2.text.EmojiCompatInitializer"
46-->[androidx.emoji2:emoji2:1.2.0] AndroidManifest.xml:30:17-75
47                android:value="androidx.startup" />
47-->[androidx.emoji2:emoji2:1.2.0] AndroidManifest.xml:31:17-49
48            <meta-data
48-->[androidx.lifecycle:lifecycle-process:2.4.1] AndroidManifest.xml:31:13-33:52
49                android:name="androidx.lifecycle.ProcessLifecycleInitializer"
49-->[androidx.lifecycle:lifecycle-process:2.4.1] AndroidManifest.xml:32:17-78
50                android:value="androidx.startup" />
50-->[androidx.lifecycle:lifecycle-process:2.4.1] AndroidManifest.xml:33:17-49
51        </provider>
52    </application>
53
54</manifest>